<?xml version="1.0" encoding="UTF-8"?>
<!-- Generated by org.testng.reporters.JUnitReportReporter -->
<testsuite hostname="5CD144C88W" failures="0" tests="1" name="com.webautomation.testcases.Home_Page_test" time="23.740" errors="0" timestamp="2023-05-12T10:52:48 IST" skipped="0">
  <testcase classname="com.webautomation.testcases.Home_Page_test" name="home_page" time="23.740"/>
  <system-out/>
</testsuite> <!-- com.webautomation.testcases.Home_Page_test -->
