<?xml version="1.0" encoding="UTF-8"?>
<!-- Generated by org.testng.reporters.JUnitReportReporter -->
<testsuite hostname="5CD144C88W" failures="0" tests="1" name="com.webautomation.utilities.Extent_Report2" time="0.021" errors="0" timestamp="2023-03-07T16:50:22 IST" skipped="0">
  <testcase classname="com.webautomation.utilities.Extent_Report2" name="testMethod" time="0.021"/>
  <system-out/>
</testsuite> <!-- com.webautomation.utilities.Extent_Report2 -->
