<?xml version="1.0" encoding="UTF-8"?>
<!-- Generated by org.testng.reporters.JUnitReportReporter -->
<testsuite hostname="5CD144C88W" failures="0" tests="1" name="com.webautomation.testcases.Download_Page_Test" time="6.934" errors="0" timestamp="2023-05-12T10:52:48 IST" skipped="0">
  <testcase classname="com.webautomation.testcases.Download_Page_Test" name="download_page" time="6.934"/>
  <system-out/>
</testsuite> <!-- com.webautomation.testcases.Download_Page_Test -->
